["/ovatools.php",
"/worksec.php",
"/aver.php",
"/wp-content/plugins/content-management/content.php",
"/nice.php?p=",
"/wp-content/plugins/core-plugin/include.php#admin",
"/wp-includes/js/tinymce/plugins/compat3x/css/index.php",
"/wp-includes/themes.php",
"/wp-admin/css/index.php",
"/wp-includes/Requests/Text/admin.php",
"/wp-includes/Requests/Text/index.php",
"/wp-includes/sodium_compat/src/Core/Curve25519/Ge/wp_blog.php",
"/wp-content/plugins/core/include.php",
"/wp-head.php",
"/wp-content/themes/twenty/twenty.php",
"/wp-admin/maint/about.php",
"/wp-content/plugins/press/wp-class.php",
"/fm1.php",
"/wp-includes/random_compat/about.php",
"/M1.php",
"/.well-known/acme-challenge/license.php",
"/xleet.php",
"/xl2023.php",
"/xl2023x.php",
"/xxl.php",
"/x.php",
"/xl.php",
"/wp-admin/xl2023.php",
"/wp-includes/xl2023.php",
"/.well-known/acme-challenge/iR7SzrsOUEP.php",
"/wp-admin/includes/iR7SzrsOUEP.php",
"/wp-admin/maint/iR7SzrsOUEP.php",
"/wp-content/upgrade/iR7SzrsOUEP.php",
"/images/iR7SzrsOUEP.php",
"/wp-admin/user/iR7SzrsOUEP.php",
"/wp-admin/js/widgets/iR7SzrsOUEP.php",
"/wp-admin/network/iR7SzrsOUEP.php",
"/wp-admin/images/iR7SzrsOUEP.php",
"/.well-known/pki-validation/iR7SzrsOUEP.php",
"/xleet-shell.php",
"/admin-heade.php",
"/cgi-bin/iR7SzrsOUEP.php",
"/wp-content/xl2023.php",
"/iR7SzrsOUEP.php",
"/wp-content/uploads/xl2023.php",
"/wp-admin/includes/themes.php",
"/wp-content/11.php",
"/woh.php",
"/sgd.php",
"/file.php",
"/Simple.php",
"/wp-blog-header.php",
"/style2.php",
"/wp-conflg.php",
"/index.php",
"/class.api.php",
"/install.php",
"/wp-blog.php",
"/moon.php",
"/wp-add.php",
"/LA.php",
"/wp-good.php",
"/wp-ldd.php",
"/upfile.php",
"/upload.php",
"/xmrlpc.php",
"/cloud.php",
"/shell.php",
"/cong.php",
"/zany.php",
"/about.php",
"/ayk.php",
"/cd.php",
"/reune.php",
"/wp-admin.php",
"/TNT.php",
"/bak.php",
"/wp-login.php",
"/87.php",
"/wboom.php",
"/tuny.php",
"/gettest.php",
"/content.php",
"/wp-ok.php",
"/geju.php",
"/plugin-install.php",
"/fun.php",
"/trust.php",
"/godsend.php",
"/radio.php",
"/lock360.php",
"/admin.php",
"/wp-l0gin.php",
"/wp-theme.php",
"/wp-scripts.php",
"/wp-editor.php",
"/mah.php",
"/jp.php",
"/ext.php",
"/a.php",
"/wp-zett.php",
"/LV.php",
"/inputs.php",
"/adminfuns.php",
"/chtmlfuns.php",
"/cjfuns.php",
"/classsmtps.php",
"/classfuns.php",
"/comfunctions.php",
"/comdofuns.php",
"/connects.php",
"/copypaths.php",
"/delpaths.php",
"/doiconvs.php",
"/epinyins.php",
"/filefuns.php",
"/gdftps.php",
"/hinfofuns.php",
"/hplfuns.php",
"/memberfuns.php",
"/moddofuns.php",
"/onclickfuns.php",
"/phpzipincs.php",
"/qfunctions.php",
"/qinfofuns.php",
"/schallfuns.php",
"/tempfuns.php",
"/userfuns.php",
"/siteheads.php",
"/termps.php",
"/txets.php",
"/thoms.php",
"/postnews.php",
"/wp-config-sample.php",
"/wp-links-opml.php",
"/wp-settings.php",
"/wp-trackback.php",
"/wp-activate.php",
"/wp-comments-post.php",
"/wp-cron.php",
"/wp-load.php",
"/wp-mail.php",
"/wp-signup.php",
"/xmlrpc.php",
"/edit-form-advanced.php",
"/link-parse-opml.php",
"/ms-sites.php",
"/options-writing.php",
"/themes.php",
"/admin-ajax.php",
"/edit-form-comment.php",
"/link.php",
"/ms-themes.php",
"/plugin-editor.php",
"/admin-footer.php",
"/edit-link-form.php",
"/load-scripts.php",
"/ms-upgrade-network.php",
"/admin-functions.php",
"/edit.php",
"/load-styles.php",
"/ms-users.php",
"/plugins.php",
"/admin-header.php",
"/edit-tag-form.php",
"/media-new.php",
"/my-sites.php",
"/post-new.php",
"/edit-tags.php",
"/media.php",
"/nav-menus.php",
"/post.php",
"/admin-post.php",
"/export.php",
"/media-upload.php",
"/network.php",
"/press-this.php",
"/async-upload.php",
"/menu-header.php",
"/options-discussion.php",
"/privacy.php",
"/user-edit.php",
"/menu.php",
"/options-general.php",
"/profile.php",
"/user-new.php",
"/moderation.php",
"/options-head.php",
"/revision.php",
"/users.php",
"/custom-background.php",
"/ms-admin.php",
"/options-media.php",
"/setup-config.php",
"/widgets.php",
"/custom-header.php",
"/ms-delete-site.php",
"/options-permalink.php",
"/term.php",
"/customize.php",
"/link-add.php",
"/ms-edit.php",
"/options.php",
"/edit-comments.php",
"/link-manager.php",
"/ms-options.php",
"/options-reading.php",
"/system_log.php",
"/wp-pano.php",
"/api/goods.php",
"/wp-cc.php",
"/.well-known/acme-challenge/atomlib.php",
"/wp-the1me.php",
"/wp-scr1pts.php",
"/site/wp-includes/empty.php",
"/small.php",
"/xt/index.php",
"/gf.php",
"/moded.php",
"/lufixn.php",
"/xt.php",
"/.well-known/fierzashell.php",
"/.well-known/pki-validation/x.php",
"/b0.php",
"/filter.php",
"/wp-content/plugins/WordPressCore/include.php#admin",
"/wp-includes/images/include.php",
"/wp-content/themes/signify/firkon.php",
"/wp-content/themes/mero-megazines/ws.php",
"/wp-admin/css/colors/coffee/index.php#yanz",
"/ioxi-aneh.php",
"/mfi.php",
"/sad.php",
"/new.php",
"/alfanew.php",
"/upgrade.php",
"/crack_self_restore.php",
"/checkbex.php",
"/down.php",
"/enfile.php",
"/gh.php",
"/pinuseren.php",
"/version.php",
"/head.php",
"/heada.php",
"/wp-site.php",
"/wp-info.php",
"/jiema.php",
"/cangma.php",
"/cawpf.php",
"/nowp.php",
"/nowpf.php",
"/cyborg_tmp.php",
"/_.php",
"/smm.php",
"/images/common/class_api.php",
"/css/sgd.php",
"/wp-content/about.php",
"/9837wes.php7",
"/gecko.php",
"/fox.php",
"/xwirhnuz.php",
"/wp-content/36ros.php",
"/wp-admin/oyy8z.php",
"/credits.php7",
"/xmlrpcs.php7",
"/dropdown.php7",
"/minik.php",
"/masss.php",
"/mycommand.php",
"/ioxi.php7",
"/alfarex.php",
"/thems.php",
"/wp-fdd.php",
"/index1.php",
"/repeater.php7",
"/theme-insqbzk.php",
"/text.php",
"/o5filRO2SH9.php",
"/good.php",
"/aboutg7.php",
"/main.php",
"/mall.php",
"/style.php",
"/byp.php",
"/use.php",
"/discount.php",
"/ecf854c.php",
"/versions.php",
"/wp-22.php",
"/zkmtq.php",
"/cut.php",
"/locale.php",
"/power.php",
"/yl10gohp.php",
"/zeal.php",
"/92e4f6b2.php",
"/above.php",
"/chosen.php",
"/wp-class.php",
"/wp-admin/network/upfile.php",
"/wp-content/plugins/fix/up.php",
"/autoload_classmap.php",
"/403.php",
"/4price.php",
"/1index.php?pass=am*guAW8.ryDgz-TYF",
"/admin/controller/extension/wpm.php",
"/wp-admin/setup-config.php",
"/screenshot_1.php",
"/.well-known/pki-validation/ssl.php?xsec=blocker",
"/wp-content/cong.php",
"/xleetshell.php",
"/wp-admin/includes/xleet-shell.php",
"/wsoyanz.php",
"/xlt.php",
"/wp-content/plugins/xt/index.php",
"/wp-content/xleet.php",
"/ioxi-rex4.php7",
"/wp-content/plugins/seoo/alfa-ioxi.php",
"/wp-content/plugins/classic-editor/wp-login.php",
"/wp-admin/xleet-shell.php",
"/wp-includes/css/css.php",
"/wp-includes/fonts/css.php",
"/wp-content/uploads/options-writing.php",
"/wp-content/updates.php",
"/wp-content/plugins/background-image-cropper/ups.php",
"/wp-content/plugins/ango/sett.php",
"/sellex.php",
"/shell20211028.php",
"/wp-content/plugins/envato-market/inc/class-envato-market-api.php",
"/wp-content/upgrade-functions.php",
"/wp-2019.php",
"/wp-2020.php",
"/wp-2021.php",
"/wp-2022.php",
"/wp-2018.php",
"/1.php",
"/wp-admin/images/install.php",
"/wp-content/plugins/revslider/includes/external/page/index.php",
"/alfa-rex.php",
"/alfa-rex.php7",
"/wp-content/plugins/Cache/Cache.php",
"/dropdown.php",
"/repeater.php",
"/cgi-bin/install.php",
"/.well-known/pki-validation/cloud.php",
"/my1.php",
"/.well-known/acme-challenge/cloud.php",
"/wp-admin/network/cloud.php",
"/cgi-bin/cloud.php",
"/css/cloud.php",
"/wp-admin/user/cloud.php",
"/img/cloud.php",
"/wp-includes/js/tinymce/skins/lightgray/img/index.php?p=",
"/wp-admin/css/colors/coffee/cloud.php",
"/wp-admin/images/cloud.php",
"/images/cloud.php",
"/wp-admin/css/colors/blue/cloud.php",
"/wp-admin/cloud.php",
"/wp-includes/ID3/wp-conflg.php",
"/wp-includes/ID3/wp-conflg.php.suspected",
"/wp-admin/includes/wp-conflg.php",
"/home.php?xsec=team",
"/wp-includes/home.php?xsec=team",
"/wp-content/home.php?xsec=team",
"/wp-admin/home.php?xsec=team",
"/wp-admin/includes/wp-conflg.php.suspected",
"/wp-content/languages/wp-conflg.php",
"/wp-content/languages/wp-conflg.php.suspected",
"/.well-known/wso112233.php",
"/wso112233.php",
"/.well-known/acme-challenge/wso112233.php",
"/.well-known/pkivalidation/wso112233.php",
"/wp-content/plugins/wso112233.php",
"/wp-content/uploads/wso112233.php",
"/wp-content/wso112233.php",
"/wp-includes/wso112233.php",
"/wp-admin/wso112233.php",
"/wp-content/themes/wso112233.php",
"/.well-known/shell20211028.php",
"/.well-knownold/shell20211028.php",
"/.well-known/acme-challenge/shell20211028.php",
"/.well-known/pkivalidation/shell20211028.php",
"/wp-content/plugins/shell20211028.php",
"/wp-content/uploads/shell20211028.php",
"/wp-content/shell20211028.php",
"/wp-includes/shell20211028.php",
"/wp-admin/shell20211028.php",
"/wp-content/themes/shell20211028.php",
"/.well-known/bala.php",
"/bala.php",
"/.well-knownold/bala.php",
"/.well-known/acme-challenge/bala.php",
"/.well-known/pkivalidation/bala.php",
"/wp-content/plugins/bala.php",
"/wp-content/uploads/bala.php",
"/wp-content/bala.php",
"/wp-includes/bala.php",
"/wp-admin/bala.php",
"/wp-content/themes/bala.php",
"/wp-content/dropdown.php",
"/wp-includes/dropdown.php",
"/wp-admin/dropdown.php",
"/wp-admin/js/widgets/about.php7",
"/wp-p.php7",
"/wp-admin/repeater.php",
"/wp-includes/repeater.php",
"/wp-content/repeater.php",
"/yanz.php",
"/wp-admin/js/about.php",
"/wp-content/plugins/seoo/wsoyanz.php",
"/wp-content/plugins/seoo/wsoyanz1.php",
"/cache-compat.php",
"/ajax-actions.php",
"/wp-admin/ajax-actions.php",
"/wp-consar.php",
"/wp-admin/maint/maint/ajax-actions.php",
"/about.php7",
"/alfanew.php7",
"/adminfuns.php7",
"/ebs.php7",
"/ws.php7",
"/c.php",
"/alfanew2.php7",
"/alfa-rex2.php7",
"/.well-known/pki-validation/xmrlpc.php?p=",
"/.well-known/acme-challenge/xmrlpc.php?p=",
"/wp-admin/network/xmrlpc.php?p=",
"/xmrlpc.php?p=",
"/cgi-bin/xmrlpc.php?p=",
"/css/xmrlpc.php?p=",
"/wp-admin/user/xmrlpc.php?p=",
"/img/xmrlpc.php?p=",
"/wp-admin/css/colors/coffee/xmrlpc.php?p=",
"/wp-admin/images/xmrlpc.php?p=",
"/images/xmrlpc.php?p=",
"/wp-admin/js/widgets/xmrlpc.php?p=",
"/wp-admin/css/colors/xmrlpc.php?p=",
"/wp-admin/includes/xmrlpc.php?p=",
"/wp-admin/css/colors/blue/xmrlpc.php?p=",
"/wp-admin/xmrlpc.php?p=",
"/modules/mod_simplefileuploadv1.3/elements//%C2%AE.php",
"/modules/mod_simplefileuploadv1.3/elements//%C2%AE.php7",
"/simple.php",
"/ok.php",
"/wp-includes/Requests/Response/license.php",
"//modules/mod_simplefileuploadv1.3/elements/%C2%AE.php7",
"/wp-content/themes/alera/®.php",
"/wp-content/themes/alera/alpha.php##",
"/ccx/index.php",
"/wp-content/themes/alera/alera/%23U00ae.php",
"/wp-content/themes/ccx/index.php",
"/modules/mod_simplefileuploadv1.3/elements/%C2%AE.php7",
"/.well-known/pki-validation/404.php",
"/wp-includes/Text/about.php",
"/wp-includes/rest-api/about.php",
"/wp-includes/js/tinymce/plugins/compat3x/css/index.php?p=",
"/wp-includes/js/tinymce/skins/wordpress/images/index.php?p=",
"/Xsam_Xadoo_00Bot.php",
"/%C2%AE.php",
"/xxxxxminoksxxxx2021/xxxxxminoksxxxx2021.php",
"/xxxxxminoksxxxx2021.php",
"/lufi.php",
"/wp-content/plugins/wp-daft/miin.php",
"/wp-content/style-css.php",
"/wp-content/plugins/column/miin.php"]
