[
    '<input type="submit" value="ddok"/>',
    'value="goodit"/>',
    "-rw-r--r--",
    "TheAlmightyZeus",
    "Jijle3",
    "Tryag File Manager",
    "ubhteam",
    "#p@@#",
    "WSO 4.2.5",
    "CHips L Pro sangad",
    "Vuln!! patch it Now!",
    "Mister Spy",
    "//0x5a455553.github.io/MARIJUANA/icon.png",
    "B Ge Team File Manager",
    "xichang1",
    "Mini Shell By Black_Shadow",
    "Yanz Webshell!",
    "Mini Shell",
    "WSO 2.5",
    "WHY MINI SHELL",
    "IndoXploit",
    "input type='submit' value='upload shell'",
    "AnonymousFox",
    "FoxWSO v1.2",
    "FilesMan",
    "<span>Upload file:",
    '<form method="POST" enctype="multipart/form-data"> <input type="file" name="file"> <input type="submit" value="up_it"> </form>',
    "Jijle3",
    "MARIJuANA",
    "indoxploit",
    "Negat1ve Shell",
    "Shell Bypass 403 GE-C666C",
    "Vuln!! patch it Now!",
    "Mister Spy",
    "ALFA TEaM Shell - v4.1-Tesla",
    "B Ge Team File Manager",
    "xichang1",
    "Mini Shell",
    "WSO 2.5",
    'type="submit" id="_upl" value="Upload">',
    "Upload File : <input",
    "ALFA TEaM Shell - v3.0.2",
    "anonymousfox",
    'name="uploader" id="uploader">',
    "Uname:",
    "<input type=password name=pass",
    "<input name='postpass' type='password'",
    "<input name=postpass type=password",
    "input type=password name=pass><input type=submit value='>>'>",
    ">Password<br><input",
    "<pre align=center><form method=post>Password<br><input type=password name=pass",
    'input type="submit" value=">>"',
    "<input type=submit name='watching'",
    'type="file"/><input type="submit"',
    "<title>Leaf PHPMailer</title>"
]
