[
    "<form method=\"POST\" enctype=\"multipart/form-data\"> <input type=\"file\" name=\"file\"> <input type=\"submit\" value=\"up_it\"> </form>",
    "<input type=\"submit\" value=\"ddok\"/>",
    "value=\"goodit\"/>",
    "-rw-r--r--",
    "TheAlmightyZeus",
    "Jijle3",
    "Tryag File Manager",
    "ubhteam",
    "#p@@#",
    "WSO 4.2.5",
    "CHips L Pro sangad",
    "Vuln!! patch it Now!",
    "Mister Spy",
    "//0x5a455553.github.io/MARIJUANA/icon.png",
    "B Ge Team File Manager",
    "xichang1",
    "Mini Shell By Black_Shadow",
    "Uname:",
    "Tiny File Manager",
    "Mini Shell",
    "WSO 2.5",
    "WHY MINI SHELL",
    "IndoXploit",
    "kill_the_net",
    "class=\"form-control\" placeholder=\"@Passwrd\" type=\"password\" name=\"getpwd\"",
    "AnonymousFox",
    "FoxWSO v1.2",
    "FilesMan",
    "Shell Bypass 403 GE-C666C",
    "Doc Root:",
    "Yanz Webshell!",
    "Jijle3",
    "MARIJuANA",
    "indoxploit",
    "name=\"uploader\" id=\"uploader\">",
    "Upload File : <input",
    "Vuln!! patch it Now!",
    "Mister Spy",
    "ALFA TEaM Shell - v4.1-Tesla",
    "B Ge Team File Manager",
    "xichang1",
    "Mini Shell",
    "WSO 2.5",
    "<span>Upload file:",
    "type=\"submit\" id=\"_upl\" value=\"Upload\">",
    "ALFA TEaM Shell - v3.0.2",
    "anonymousfox",
    "input type='submit' value='upload shell'",
    "<input type=password name=pass",
    "<input name='postpass' type='password'",
    "<input name=postpass type=password",
    "input type=password name=pass><input type=submit value='>>'>",
    ">Password<br><input",
    "<pre align=center><form method=post>Password<br><input type=password name=pass",
    "Negat1ve Shell",
    "enctype=\"multipart/form-data\" name=\"uploader\" id=\"uploader\"><input type=\"file\" name=\"file\" size=\"50\"><input name=\"_upl\" type=\"submit\" id=\"_upl\" value=\"Upload\"",
    "input type=\"submit\" value=\">>",
    "<input type=\"submit\" name='watching'",
    "type=\"file\"/><input type=\"submit\"",
    "<title>Leaf PHPMailer</title>"
]
